Nonterminals useless in grammar

   mbsbody
   asmcom


Terminals unused in grammar

   t_screening
   t_if
   t_elseif
   t_else
   t_inf
   t_break
   t_continue
   t_sbit
   t_sdb
   t_sdw
   t_sdd
   t_sdq
   t_bit
   t_db
   t_dw
   t_dd
   t_dq
   t_bytes
   t_sbytes
   t_bits
   t_addr
   t_dot
   t_slash
   t_nslash
   t_and
   t_or
   t_eq
   t_neq
   t_beq
   t_seq
   t_rshift
   t_spec
   t_any
   t_nsget
   t_namespace
   t_char
   t_string
   t_notdefined
   t_line
   erbexpr
   eplus
   eminus
   emult
   ediv
   emod
   ecall
   eassign
   t_rbexpr
   egoaddr
   egetaddr
   euminus
   euplus
   t_not
   etypeof
   esqexpr
   t_ptrmember
   t_member


Rules useless in grammar

   70 mbsbody: body
   71        | expr t_semi

   72 asmcom: aid fun_args


Состояние 2 конфликты: 6 сдвига/вывода
Состояние 73 конфликты: 6 сдвига/вывода
Состояние 77 конфликты: 1 сдвига/вывода
Состояние 78 конфликты: 1 сдвига/вывода
Состояние 79 конфликты: 1 сдвига/вывода
Состояние 80 конфликты: 1 сдвига/вывода
Состояние 81 конфликты: 1 сдвига/вывода
Состояние 82 конфликты: 1 сдвига/вывода
Состояние 93 конфликты: 6 сдвига/вывода
Состояние 98 конфликты: 7 сдвига/вывода
Состояние 100 конфликты: 1 сдвига/вывода
Состояние 106 конфликты: 7 сдвига/вывода


Грамматика

    0 $accept: commands $end

    1 commands: /* пусто */
    2         | commands command
    3         | commands t_semi
    4         | commands t_meme t_assign t_num t_semi
    5         | commands t_comm
    6         | error t_semi

    7 type_expr: t_rb_o type_expr t_rb_c
    8          | t_tname
    9          | t_gettype t_rb_o expr t_rb_c
   10          | t_gettype t_rb_o t_rb_c

   11 fun_decl: flags type_expr t_id t_rb_o fun_params t_rb_c

   12 fun_defn: flags type_expr t_id t_rb_o fun_params t_rb_c body

   13 var_decl: flags type_expr t_id

   14 var_defn: flags type_expr t_id t_assign expr

   15 flags: /* пусто */
   16      | t_auto
   17      | flags flag
   18      | flag

   19 flag: t_reserve
   20     | t_noreserve
   21     | t_fast
   22     | t_stack
   23     | t_locate pos
   24     | t_immortal

   25 pos: t_rb_o t_id t_rb_c
   26    | t_rb_o t_id t_rb_c t_neg
   27    | t_sb_o t_bigger t_sb_c
   28    | t_sb_o t_smaller t_sb_c

   29 command: fun_decl t_semi
   30        | fun_defn
   31        | var_decl t_semi
   32        | var_defn t_semi
   33        | asm t_semi

   34 fun_params: /* пусто */
   35           | t_void
   36           | fun_param
   37           | fun_params t_comma fun_param

   38 fun_param: var_decl

   39 body: t_fb_o bodycoms t_fb_c
   40     | t_fb_o t_fb_c
   41     | error

   42 bodycoms: bodycom
   43         | bodycoms bodycom
   44         | bodycoms t_semi

   45 fun_args: expr
   46         | fun_args t_comma expr
   47         | t_void

   48 aid: t_id
   49    | t_tname

   50 asm: t_lshift aid fun_args
   51    | t_asm t_fb_o

   52 bodycom: var_decl t_semi
   53        | var_defn t_semi
   54        | t_return expr t_semi
   55        | t_return t_semi
   56        | expr t_semi
   57        | asm t_semi
   58        | error t_semi

   59 expr: t_rb_o expr t_rb_c
   60     | expr t_plus expr
   61     | expr t_minus expr
   62     | expr t_mult expr
   63     | expr t_div expr
   64     | expr t_mod expr
   65     | expr t_rb_o fun_args t_rb_c
   66     | expr t_assign expr
   67     | t_num
   68     | t_id
   69     | error


Терминальные символы с правилами, в которых они появляются

$end (0) 0
error (256) 6 41 58 69
t_screening (258)
t_if (259)
t_elseif (260)
t_else (261)
t_inf (262)
t_break (263)
t_continue (264)
t_return (265) 54 55
t_gettype (266) 9 10
t_meme (267) 4
t_reserve (268) 19
t_noreserve (269) 20
t_fast (270) 21
t_stack (271) 22
t_locate (272) 23
t_immortal (273) 24
t_sbit (274)
t_sdb (275)
t_sdw (276)
t_sdd (277)
t_sdq (278)
t_bit (279)
t_db (280)
t_dw (281)
t_dd (282)
t_dq (283)
t_void (284) 35 47
t_auto (285) 16
t_bytes (286)
t_sbytes (287)
t_bits (288)
t_asm (289) 51
t_plus (290) 60
t_minus (291) 61
t_mult (292) 62
t_addr (293)
t_div (294) 63
t_mod (295) 64
t_bigger (296) 27
t_smaller (297) 28
t_neg (298) 26
t_semi (299) 3 4 6 29 31 32 33 44 52 53 54 55 56 57 58
t_comma (300) 37 46
t_dot (301)
t_assign (302) 4 14 66
t_rb_o (303) 7 9 10 11 12 25 26 59 65
t_rb_c (304) 7 9 10 11 12 25 26 59 65
t_fb_o (305) 39 40 51
t_fb_c (306) 39 40
t_slash (307)
t_nslash (308)
t_sb_o (309) 27 28
t_sb_c (310) 27 28
t_and (311)
t_or (312)
t_eq (313)
t_neq (314)
t_beq (315)
t_seq (316)
t_lshift (317) 50
t_rshift (318)
t_spec (319)
t_any (320)
t_nsget (321)
t_namespace (322)
t_char (323)
t_string (324)
t_id (325) 11 12 13 14 25 26 48 68
t_notdefined (326)
t_tname (327) 8 49
t_num (328) 4 67
t_comm (329) 5
t_line (330)
erbexpr (331)
eplus (332)
eminus (333)
emult (334)
ediv (335)
emod (336)
ecall (337)
eassign (338)
t_rbexpr (339)
egoaddr (340)
egetaddr (341)
euminus (342)
euplus (343)
t_not (344)
etypeof (345)
esqexpr (346)
t_ptrmember (347)
t_member (348)


Нетерминальные символы с правилами, в которых они появляются

$accept (94)
    налево: 0
commands (95)
    налево: 1 2 3 4 5 6, направо: 0 2 3 4 5
type_expr (96)
    налево: 7 8 9 10, направо: 7 11 12 13 14
fun_decl (97)
    налево: 11, направо: 29
fun_defn (98)
    налево: 12, направо: 30
var_decl (99)
    налево: 13, направо: 31 38 52
var_defn (100)
    налево: 14, направо: 32 53
flags (101)
    налево: 15 16 17 18, направо: 11 12 13 14 17
flag (102)
    налево: 19 20 21 22 23 24, направо: 17 18
pos (103)
    налево: 25 26 27 28, направо: 23
command (104)
    налево: 29 30 31 32 33, направо: 2
fun_params (105)
    налево: 34 35 36 37, направо: 11 12 37
fun_param (106)
    налево: 38, направо: 36 37
body (107)
    налево: 39 40 41, направо: 12
bodycoms (108)
    налево: 42 43 44, направо: 39 43 44
fun_args (109)
    налево: 45 46 47, направо: 46 50 65
aid (110)
    налево: 48 49, направо: 50
asm (111)
    налево: 50 51, направо: 33 57
bodycom (112)
    налево: 52 53 54 55 56 57 58, направо: 42 43
expr (113)
    налево: 59 60 61 62 63 64 65 66 67 68 69, направо: 9 14 45 46 54
    56 59 60 61 62 63 64 65 66


состояние 0

    0 $accept: . commands $end
    1 commands: .  [$end, t_gettype, t_meme, t_reserve, t_noreserve, t_fast, t_stack, t_locate, t_immortal, t_auto, t_asm, t_semi, t_rb_o, t_lshift, t_tname, t_comm]
    2         | . commands command
    3         | . commands t_semi
    4         | . commands t_meme t_assign t_num t_semi
    5         | . commands t_comm
    6         | . error t_semi

    error  сдвиг, и переход в состояние 1

    $end         вывод с использованием правила 1 (commands)
    t_gettype    вывод с использованием правила 1 (commands)
    t_meme       вывод с использованием правила 1 (commands)
    t_reserve    вывод с использованием правила 1 (commands)
    t_noreserve  вывод с использованием правила 1 (commands)
    t_fast       вывод с использованием правила 1 (commands)
    t_stack      вывод с использованием правила 1 (commands)
    t_locate     вывод с использованием правила 1 (commands)
    t_immortal   вывод с использованием правила 1 (commands)
    t_auto       вывод с использованием правила 1 (commands)
    t_asm        вывод с использованием правила 1 (commands)
    t_semi       вывод с использованием правила 1 (commands)
    t_rb_o       вывод с использованием правила 1 (commands)
    t_lshift     вывод с использованием правила 1 (commands)
    t_tname      вывод с использованием правила 1 (commands)
    t_comm       вывод с использованием правила 1 (commands)

    commands  переход в состояние 2


состояние 1

    6 commands: error . t_semi

    t_semi  сдвиг, и переход в состояние 3


состояние 2

    0 $accept: commands . $end
    2 commands: commands . command
    3         | commands . t_semi
    4         | commands . t_meme t_assign t_num t_semi
    5         | commands . t_comm
   11 fun_decl: . flags type_expr t_id t_rb_o fun_params t_rb_c
   12 fun_defn: . flags type_expr t_id t_rb_o fun_params t_rb_c body
   13 var_decl: . flags type_expr t_id
   14 var_defn: . flags type_expr t_id t_assign expr
   15 flags: .  [t_gettype, t_reserve, t_noreserve, t_fast, t_stack, t_locate, t_immortal, t_rb_o, t_tname]
   16      | . t_auto
   17      | . flags flag
   18      | . flag
   19 flag: . t_reserve
   20     | . t_noreserve
   21     | . t_fast
   22     | . t_stack
   23     | . t_locate pos
   24     | . t_immortal
   29 command: . fun_decl t_semi
   30        | . fun_defn
   31        | . var_decl t_semi
   32        | . var_defn t_semi
   33        | . asm t_semi
   50 asm: . t_lshift aid fun_args
   51    | . t_asm t_fb_o

    $end         сдвиг, и переход в состояние 4
    t_meme       сдвиг, и переход в состояние 5
    t_reserve    сдвиг, и переход в состояние 6
    t_noreserve  сдвиг, и переход в состояние 7
    t_fast       сдвиг, и переход в состояние 8
    t_stack      сдвиг, и переход в состояние 9
    t_locate     сдвиг, и переход в состояние 10
    t_immortal   сдвиг, и переход в состояние 11
    t_auto       сдвиг, и переход в состояние 12
    t_asm        сдвиг, и переход в состояние 13
    t_semi       сдвиг, и переход в состояние 14
    t_lshift     сдвиг, и переход в состояние 15
    t_comm       сдвиг, и переход в состояние 16

    t_reserve    [вывод с использованием правила 15 (flags)]
    t_noreserve  [вывод с использованием правила 15 (flags)]
    t_fast       [вывод с использованием правила 15 (flags)]
    t_stack      [вывод с использованием правила 15 (flags)]
    t_locate     [вывод с использованием правила 15 (flags)]
    t_immortal   [вывод с использованием правила 15 (flags)]
    $default     вывод с использованием правила 15 (flags)

    fun_decl  переход в состояние 17
    fun_defn  переход в состояние 18
    var_decl  переход в состояние 19
    var_defn  переход в состояние 20
    flags     переход в состояние 21
    flag      переход в состояние 22
    command   переход в состояние 23
    asm       переход в состояние 24


состояние 3

    6 commands: error t_semi .

    $default  вывод с использованием правила 6 (commands)


состояние 4

    0 $accept: commands $end .

    $default  accept


состояние 5

    4 commands: commands t_meme . t_assign t_num t_semi

    t_assign  сдвиг, и переход в состояние 25


состояние 6

   19 flag: t_reserve .

    $default  вывод с использованием правила 19 (flag)


состояние 7

   20 flag: t_noreserve .

    $default  вывод с использованием правила 20 (flag)


состояние 8

   21 flag: t_fast .

    $default  вывод с использованием правила 21 (flag)


состояние 9

   22 flag: t_stack .

    $default  вывод с использованием правила 22 (flag)


состояние 10

   23 flag: t_locate . pos
   25 pos: . t_rb_o t_id t_rb_c
   26    | . t_rb_o t_id t_rb_c t_neg
   27    | . t_sb_o t_bigger t_sb_c
   28    | . t_sb_o t_smaller t_sb_c

    t_rb_o  сдвиг, и переход в состояние 26
    t_sb_o  сдвиг, и переход в состояние 27

    pos  переход в состояние 28


состояние 11

   24 flag: t_immortal .

    $default  вывод с использованием правила 24 (flag)


состояние 12

   16 flags: t_auto .

    $default  вывод с использованием правила 16 (flags)


состояние 13

   51 asm: t_asm . t_fb_o

    t_fb_o  сдвиг, и переход в состояние 29


состояние 14

    3 commands: commands t_semi .

    $default  вывод с использованием правила 3 (commands)


состояние 15

   48 aid: . t_id
   49    | . t_tname
   50 asm: t_lshift . aid fun_args

    t_id     сдвиг, и переход в состояние 30
    t_tname  сдвиг, и переход в состояние 31

    aid  переход в состояние 32


состояние 16

    5 commands: commands t_comm .

    $default  вывод с использованием правила 5 (commands)


состояние 17

   29 command: fun_decl . t_semi

    t_semi  сдвиг, и переход в состояние 33


состояние 18

   30 command: fun_defn .

    $default  вывод с использованием правила 30 (command)


состояние 19

   31 command: var_decl . t_semi

    t_semi  сдвиг, и переход в состояние 34


состояние 20

   32 command: var_defn . t_semi

    t_semi  сдвиг, и переход в состояние 35


состояние 21

    7 type_expr: . t_rb_o type_expr t_rb_c
    8          | . t_tname
    9          | . t_gettype t_rb_o expr t_rb_c
   10          | . t_gettype t_rb_o t_rb_c
   11 fun_decl: flags . type_expr t_id t_rb_o fun_params t_rb_c
   12 fun_defn: flags . type_expr t_id t_rb_o fun_params t_rb_c body
   13 var_decl: flags . type_expr t_id
   14 var_defn: flags . type_expr t_id t_assign expr
   17 flags: flags . flag
   19 flag: . t_reserve
   20     | . t_noreserve
   21     | . t_fast
   22     | . t_stack
   23     | . t_locate pos
   24     | . t_immortal

    t_gettype    сдвиг, и переход в состояние 36
    t_reserve    сдвиг, и переход в состояние 6
    t_noreserve  сдвиг, и переход в состояние 7
    t_fast       сдвиг, и переход в состояние 8
    t_stack      сдвиг, и переход в состояние 9
    t_locate     сдвиг, и переход в состояние 10
    t_immortal   сдвиг, и переход в состояние 11
    t_rb_o       сдвиг, и переход в состояние 37
    t_tname      сдвиг, и переход в состояние 38

    type_expr  переход в состояние 39
    flag       переход в состояние 40


состояние 22

   18 flags: flag .

    $default  вывод с использованием правила 18 (flags)


состояние 23

    2 commands: commands command .

    $default  вывод с использованием правила 2 (commands)


состояние 24

   33 command: asm . t_semi

    t_semi  сдвиг, и переход в состояние 41


состояние 25

    4 commands: commands t_meme t_assign . t_num t_semi

    t_num  сдвиг, и переход в состояние 42


состояние 26

   25 pos: t_rb_o . t_id t_rb_c
   26    | t_rb_o . t_id t_rb_c t_neg

    t_id  сдвиг, и переход в состояние 43


состояние 27

   27 pos: t_sb_o . t_bigger t_sb_c
   28    | t_sb_o . t_smaller t_sb_c

    t_bigger   сдвиг, и переход в состояние 44
    t_smaller  сдвиг, и переход в состояние 45


состояние 28

   23 flag: t_locate pos .

    $default  вывод с использованием правила 23 (flag)


состояние 29

   51 asm: t_asm t_fb_o .

    $default  вывод с использованием правила 51 (asm)


состояние 30

   48 aid: t_id .

    $default  вывод с использованием правила 48 (aid)


состояние 31

   49 aid: t_tname .

    $default  вывод с использованием правила 49 (aid)


состояние 32

   45 fun_args: . expr
   46         | . fun_args t_comma expr
   47         | . t_void
   50 asm: t_lshift aid . fun_args
   59 expr: . t_rb_o expr t_rb_c
   60     | . expr t_plus expr
   61     | . expr t_minus expr
   62     | . expr t_mult expr
   63     | . expr t_div expr
   64     | . expr t_mod expr
   65     | . expr t_rb_o fun_args t_rb_c
   66     | . expr t_assign expr
   67     | . t_num
   68     | . t_id
   69     | . error

    error   сдвиг, и переход в состояние 46
    t_void  сдвиг, и переход в состояние 47
    t_rb_o  сдвиг, и переход в состояние 48
    t_id    сдвиг, и переход в состояние 49
    t_num   сдвиг, и переход в состояние 50

    fun_args  переход в состояние 51
    expr      переход в состояние 52


состояние 33

   29 command: fun_decl t_semi .

    $default  вывод с использованием правила 29 (command)


состояние 34

   31 command: var_decl t_semi .

    $default  вывод с использованием правила 31 (command)


состояние 35

   32 command: var_defn t_semi .

    $default  вывод с использованием правила 32 (command)


состояние 36

    9 type_expr: t_gettype . t_rb_o expr t_rb_c
   10          | t_gettype . t_rb_o t_rb_c

    t_rb_o  сдвиг, и переход в состояние 53


состояние 37

    7 type_expr: . t_rb_o type_expr t_rb_c
    7          | t_rb_o . type_expr t_rb_c
    8          | . t_tname
    9          | . t_gettype t_rb_o expr t_rb_c
   10          | . t_gettype t_rb_o t_rb_c

    t_gettype  сдвиг, и переход в состояние 36
    t_rb_o     сдвиг, и переход в состояние 37
    t_tname    сдвиг, и переход в состояние 38

    type_expr  переход в состояние 54


состояние 38

    8 type_expr: t_tname .

    $default  вывод с использованием правила 8 (type_expr)


состояние 39

   11 fun_decl: flags type_expr . t_id t_rb_o fun_params t_rb_c
   12 fun_defn: flags type_expr . t_id t_rb_o fun_params t_rb_c body
   13 var_decl: flags type_expr . t_id
   14 var_defn: flags type_expr . t_id t_assign expr

    t_id  сдвиг, и переход в состояние 55


состояние 40

   17 flags: flags flag .

    $default  вывод с использованием правила 17 (flags)


состояние 41

   33 command: asm t_semi .

    $default  вывод с использованием правила 33 (command)


состояние 42

    4 commands: commands t_meme t_assign t_num . t_semi

    t_semi  сдвиг, и переход в состояние 56


состояние 43

   25 pos: t_rb_o t_id . t_rb_c
   26    | t_rb_o t_id . t_rb_c t_neg

    t_rb_c  сдвиг, и переход в состояние 57


состояние 44

   27 pos: t_sb_o t_bigger . t_sb_c

    t_sb_c  сдвиг, и переход в состояние 58


состояние 45

   28 pos: t_sb_o t_smaller . t_sb_c

    t_sb_c  сдвиг, и переход в состояние 59


состояние 46

   69 expr: error .

    $default  вывод с использованием правила 69 (expr)


состояние 47

   47 fun_args: t_void .

    $default  вывод с использованием правила 47 (fun_args)


состояние 48

   59 expr: . t_rb_o expr t_rb_c
   59     | t_rb_o . expr t_rb_c
   60     | . expr t_plus expr
   61     | . expr t_minus expr
   62     | . expr t_mult expr
   63     | . expr t_div expr
   64     | . expr t_mod expr
   65     | . expr t_rb_o fun_args t_rb_c
   66     | . expr t_assign expr
   67     | . t_num
   68     | . t_id
   69     | . error

    error   сдвиг, и переход в состояние 46
    t_rb_o  сдвиг, и переход в состояние 48
    t_id    сдвиг, и переход в состояние 49
    t_num   сдвиг, и переход в состояние 50

    expr  переход в состояние 60


состояние 49

   68 expr: t_id .

    $default  вывод с использованием правила 68 (expr)


состояние 50

   67 expr: t_num .

    $default  вывод с использованием правила 67 (expr)


состояние 51

   46 fun_args: fun_args . t_comma expr
   50 asm: t_lshift aid fun_args .  [t_semi]

    t_comma  сдвиг, и переход в состояние 61

    $default  вывод с использованием правила 50 (asm)


состояние 52

   45 fun_args: expr .  [t_semi, t_comma, t_rb_c]
   60 expr: expr . t_plus expr
   61     | expr . t_minus expr
   62     | expr . t_mult expr
   63     | expr . t_div expr
   64     | expr . t_mod expr
   65     | expr . t_rb_o fun_args t_rb_c
   66     | expr . t_assign expr

    t_plus    сдвиг, и переход в состояние 62
    t_minus   сдвиг, и переход в состояние 63
    t_mult    сдвиг, и переход в состояние 64
    t_div     сдвиг, и переход в состояние 65
    t_mod     сдвиг, и переход в состояние 66
    t_assign  сдвиг, и переход в состояние 67
    t_rb_o    сдвиг, и переход в состояние 68

    $default  вывод с использованием правила 45 (fun_args)


состояние 53

    9 type_expr: t_gettype t_rb_o . expr t_rb_c
   10          | t_gettype t_rb_o . t_rb_c
   59 expr: . t_rb_o expr t_rb_c
   60     | . expr t_plus expr
   61     | . expr t_minus expr
   62     | . expr t_mult expr
   63     | . expr t_div expr
   64     | . expr t_mod expr
   65     | . expr t_rb_o fun_args t_rb_c
   66     | . expr t_assign expr
   67     | . t_num
   68     | . t_id
   69     | . error

    error   сдвиг, и переход в состояние 46
    t_rb_o  сдвиг, и переход в состояние 48
    t_rb_c  сдвиг, и переход в состояние 69
    t_id    сдвиг, и переход в состояние 49
    t_num   сдвиг, и переход в состояние 50

    expr  переход в состояние 70


состояние 54

    7 type_expr: t_rb_o type_expr . t_rb_c

    t_rb_c  сдвиг, и переход в состояние 71


состояние 55

   11 fun_decl: flags type_expr t_id . t_rb_o fun_params t_rb_c
   12 fun_defn: flags type_expr t_id . t_rb_o fun_params t_rb_c body
   13 var_decl: flags type_expr t_id .  [t_semi]
   14 var_defn: flags type_expr t_id . t_assign expr

    t_assign  сдвиг, и переход в состояние 72
    t_rb_o    сдвиг, и переход в состояние 73

    $default  вывод с использованием правила 13 (var_decl)


состояние 56

    4 commands: commands t_meme t_assign t_num t_semi .

    $default  вывод с использованием правила 4 (commands)


состояние 57

   25 pos: t_rb_o t_id t_rb_c .  [t_gettype, t_reserve, t_noreserve, t_fast, t_stack, t_locate, t_immortal, t_rb_o, t_tname]
   26    | t_rb_o t_id t_rb_c . t_neg

    t_neg  сдвиг, и переход в состояние 74

    $default  вывод с использованием правила 25 (pos)


состояние 58

   27 pos: t_sb_o t_bigger t_sb_c .

    $default  вывод с использованием правила 27 (pos)


состояние 59

   28 pos: t_sb_o t_smaller t_sb_c .

    $default  вывод с использованием правила 28 (pos)


состояние 60

   59 expr: t_rb_o expr . t_rb_c
   60     | expr . t_plus expr
   61     | expr . t_minus expr
   62     | expr . t_mult expr
   63     | expr . t_div expr
   64     | expr . t_mod expr
   65     | expr . t_rb_o fun_args t_rb_c
   66     | expr . t_assign expr

    t_plus    сдвиг, и переход в состояние 62
    t_minus   сдвиг, и переход в состояние 63
    t_mult    сдвиг, и переход в состояние 64
    t_div     сдвиг, и переход в состояние 65
    t_mod     сдвиг, и переход в состояние 66
    t_assign  сдвиг, и переход в состояние 67
    t_rb_o    сдвиг, и переход в состояние 68
    t_rb_c    сдвиг, и переход в состояние 75


состояние 61

   46 fun_args: fun_args t_comma . expr
   59 expr: . t_rb_o expr t_rb_c
   60     | . expr t_plus expr
   61     | . expr t_minus expr
   62     | . expr t_mult expr
   63     | . expr t_div expr
   64     | . expr t_mod expr
   65     | . expr t_rb_o fun_args t_rb_c
   66     | . expr t_assign expr
   67     | . t_num
   68     | . t_id
   69     | . error

    error   сдвиг, и переход в состояние 46
    t_rb_o  сдвиг, и переход в состояние 48
    t_id    сдвиг, и переход в состояние 49
    t_num   сдвиг, и переход в состояние 50

    expr  переход в состояние 76


состояние 62

   59 expr: . t_rb_o expr t_rb_c
   60     | . expr t_plus expr
   60     | expr t_plus . expr
   61     | . expr t_minus expr
   62     | . expr t_mult expr
   63     | . expr t_div expr
   64     | . expr t_mod expr
   65     | . expr t_rb_o fun_args t_rb_c
   66     | . expr t_assign expr
   67     | . t_num
   68     | . t_id
   69     | . error

    error   сдвиг, и переход в состояние 46
    t_rb_o  сдвиг, и переход в состояние 48
    t_id    сдвиг, и переход в состояние 49
    t_num   сдвиг, и переход в состояние 50

    expr  переход в состояние 77


состояние 63

   59 expr: . t_rb_o expr t_rb_c
   60     | . expr t_plus expr
   61     | . expr t_minus expr
   61     | expr t_minus . expr
   62     | . expr t_mult expr
   63     | . expr t_div expr
   64     | . expr t_mod expr
   65     | . expr t_rb_o fun_args t_rb_c
   66     | . expr t_assign expr
   67     | . t_num
   68     | . t_id
   69     | . error

    error   сдвиг, и переход в состояние 46
    t_rb_o  сдвиг, и переход в состояние 48
    t_id    сдвиг, и переход в состояние 49
    t_num   сдвиг, и переход в состояние 50

    expr  переход в состояние 78


состояние 64

   59 expr: . t_rb_o expr t_rb_c
   60     | . expr t_plus expr
   61     | . expr t_minus expr
   62     | . expr t_mult expr
   62     | expr t_mult . expr
   63     | . expr t_div expr
   64     | . expr t_mod expr
   65     | . expr t_rb_o fun_args t_rb_c
   66     | . expr t_assign expr
   67     | . t_num
   68     | . t_id
   69     | . error

    error   сдвиг, и переход в состояние 46
    t_rb_o  сдвиг, и переход в состояние 48
    t_id    сдвиг, и переход в состояние 49
    t_num   сдвиг, и переход в состояние 50

    expr  переход в состояние 79


состояние 65

   59 expr: . t_rb_o expr t_rb_c
   60     | . expr t_plus expr
   61     | . expr t_minus expr
   62     | . expr t_mult expr
   63     | . expr t_div expr
   63     | expr t_div . expr
   64     | . expr t_mod expr
   65     | . expr t_rb_o fun_args t_rb_c
   66     | . expr t_assign expr
   67     | . t_num
   68     | . t_id
   69     | . error

    error   сдвиг, и переход в состояние 46
    t_rb_o  сдвиг, и переход в состояние 48
    t_id    сдвиг, и переход в состояние 49
    t_num   сдвиг, и переход в состояние 50

    expr  переход в состояние 80


состояние 66

   59 expr: . t_rb_o expr t_rb_c
   60     | . expr t_plus expr
   61     | . expr t_minus expr
   62     | . expr t_mult expr
   63     | . expr t_div expr
   64     | . expr t_mod expr
   64     | expr t_mod . expr
   65     | . expr t_rb_o fun_args t_rb_c
   66     | . expr t_assign expr
   67     | . t_num
   68     | . t_id
   69     | . error

    error   сдвиг, и переход в состояние 46
    t_rb_o  сдвиг, и переход в состояние 48
    t_id    сдвиг, и переход в состояние 49
    t_num   сдвиг, и переход в состояние 50

    expr  переход в состояние 81


состояние 67

   59 expr: . t_rb_o expr t_rb_c
   60     | . expr t_plus expr
   61     | . expr t_minus expr
   62     | . expr t_mult expr
   63     | . expr t_div expr
   64     | . expr t_mod expr
   65     | . expr t_rb_o fun_args t_rb_c
   66     | . expr t_assign expr
   66     | expr t_assign . expr
   67     | . t_num
   68     | . t_id
   69     | . error

    error   сдвиг, и переход в состояние 46
    t_rb_o  сдвиг, и переход в состояние 48
    t_id    сдвиг, и переход в состояние 49
    t_num   сдвиг, и переход в состояние 50

    expr  переход в состояние 82


состояние 68

   45 fun_args: . expr
   46         | . fun_args t_comma expr
   47         | . t_void
   59 expr: . t_rb_o expr t_rb_c
   60     | . expr t_plus expr
   61     | . expr t_minus expr
   62     | . expr t_mult expr
   63     | . expr t_div expr
   64     | . expr t_mod expr
   65     | . expr t_rb_o fun_args t_rb_c
   65     | expr t_rb_o . fun_args t_rb_c
   66     | . expr t_assign expr
   67     | . t_num
   68     | . t_id
   69     | . error

    error   сдвиг, и переход в состояние 46
    t_void  сдвиг, и переход в состояние 47
    t_rb_o  сдвиг, и переход в состояние 48
    t_id    сдвиг, и переход в состояние 49
    t_num   сдвиг, и переход в состояние 50

    fun_args  переход в состояние 83
    expr      переход в состояние 52


состояние 69

   10 type_expr: t_gettype t_rb_o t_rb_c .

    $default  вывод с использованием правила 10 (type_expr)


состояние 70

    9 type_expr: t_gettype t_rb_o expr . t_rb_c
   60 expr: expr . t_plus expr
   61     | expr . t_minus expr
   62     | expr . t_mult expr
   63     | expr . t_div expr
   64     | expr . t_mod expr
   65     | expr . t_rb_o fun_args t_rb_c
   66     | expr . t_assign expr

    t_plus    сдвиг, и переход в состояние 62
    t_minus   сдвиг, и переход в состояние 63
    t_mult    сдвиг, и переход в состояние 64
    t_div     сдвиг, и переход в состояние 65
    t_mod     сдвиг, и переход в состояние 66
    t_assign  сдвиг, и переход в состояние 67
    t_rb_o    сдвиг, и переход в состояние 68
    t_rb_c    сдвиг, и переход в состояние 84


состояние 71

    7 type_expr: t_rb_o type_expr t_rb_c .

    $default  вывод с использованием правила 7 (type_expr)


состояние 72

   14 var_defn: flags type_expr t_id t_assign . expr
   59 expr: . t_rb_o expr t_rb_c
   60     | . expr t_plus expr
   61     | . expr t_minus expr
   62     | . expr t_mult expr
   63     | . expr t_div expr
   64     | . expr t_mod expr
   65     | . expr t_rb_o fun_args t_rb_c
   66     | . expr t_assign expr
   67     | . t_num
   68     | . t_id
   69     | . error

    error   сдвиг, и переход в состояние 46
    t_rb_o  сдвиг, и переход в состояние 48
    t_id    сдвиг, и переход в состояние 49
    t_num   сдвиг, и переход в состояние 50

    expr  переход в состояние 85


состояние 73

   11 fun_decl: flags type_expr t_id t_rb_o . fun_params t_rb_c
   12 fun_defn: flags type_expr t_id t_rb_o . fun_params t_rb_c body
   13 var_decl: . flags type_expr t_id
   15 flags: .  [t_gettype, t_reserve, t_noreserve, t_fast, t_stack, t_locate, t_immortal, t_rb_o, t_tname]
   16      | . t_auto
   17      | . flags flag
   18      | . flag
   19 flag: . t_reserve
   20     | . t_noreserve
   21     | . t_fast
   22     | . t_stack
   23     | . t_locate pos
   24     | . t_immortal
   34 fun_params: .  [t_comma, t_rb_c]
   35           | . t_void
   36           | . fun_param
   37           | . fun_params t_comma fun_param
   38 fun_param: . var_decl

    t_reserve    сдвиг, и переход в состояние 6
    t_noreserve  сдвиг, и переход в состояние 7
    t_fast       сдвиг, и переход в состояние 8
    t_stack      сдвиг, и переход в состояние 9
    t_locate     сдвиг, и переход в состояние 10
    t_immortal   сдвиг, и переход в состояние 11
    t_void       сдвиг, и переход в состояние 86
    t_auto       сдвиг, и переход в состояние 12

    t_reserve    [вывод с использованием правила 15 (flags)]
    t_noreserve  [вывод с использованием правила 15 (flags)]
    t_fast       [вывод с использованием правила 15 (flags)]
    t_stack      [вывод с использованием правила 15 (flags)]
    t_locate     [вывод с использованием правила 15 (flags)]
    t_immortal   [вывод с использованием правила 15 (flags)]
    t_comma      вывод с использованием правила 34 (fun_params)
    t_rb_c       вывод с использованием правила 34 (fun_params)
    $default     вывод с использованием правила 15 (flags)

    var_decl    переход в состояние 87
    flags       переход в состояние 88
    flag        переход в состояние 22
    fun_params  переход в состояние 89
    fun_param   переход в состояние 90


состояние 74

   26 pos: t_rb_o t_id t_rb_c t_neg .

    $default  вывод с использованием правила 26 (pos)


состояние 75

   59 expr: t_rb_o expr t_rb_c .

    $default  вывод с использованием правила 59 (expr)


состояние 76

   46 fun_args: fun_args t_comma expr .  [t_semi, t_comma, t_rb_c]
   60 expr: expr . t_plus expr
   61     | expr . t_minus expr
   62     | expr . t_mult expr
   63     | expr . t_div expr
   64     | expr . t_mod expr
   65     | expr . t_rb_o fun_args t_rb_c
   66     | expr . t_assign expr

    t_plus    сдвиг, и переход в состояние 62
    t_minus   сдвиг, и переход в состояние 63
    t_mult    сдвиг, и переход в состояние 64
    t_div     сдвиг, и переход в состояние 65
    t_mod     сдвиг, и переход в состояние 66
    t_assign  сдвиг, и переход в состояние 67
    t_rb_o    сдвиг, и переход в состояние 68

    $default  вывод с использованием правила 46 (fun_args)


состояние 77

   60 expr: expr . t_plus expr
   60     | expr t_plus expr .  [t_plus, t_minus, t_semi, t_comma, t_assign, t_rb_o, t_rb_c]
   61     | expr . t_minus expr
   62     | expr . t_mult expr
   63     | expr . t_div expr
   64     | expr . t_mod expr
   65     | expr . t_rb_o fun_args t_rb_c
   66     | expr . t_assign expr

    t_mult  сдвиг, и переход в состояние 64
    t_div   сдвиг, и переход в состояние 65
    t_mod   сдвиг, и переход в состояние 66
    t_rb_o  сдвиг, и переход в состояние 68

    t_rb_o    [вывод с использованием правила 60 (expr)]
    $default  вывод с использованием правила 60 (expr)

    Конфликт между правилом 60 и лексемой t_plus разрешен выводом (%left t_plus).
    Конфликт между правилом 60 и лексемой t_minus разрешен выводом (%left t_minus).
    Конфликт между правилом 60 и лексемой t_mult разрешен сдвигом (t_plus < t_mult).
    Конфликт между правилом 60 и лексемой t_div разрешен сдвигом (t_plus < t_div).
    Конфликт между правилом 60 и лексемой t_mod разрешен сдвигом (t_plus < t_mod).
    Конфликт между правилом 60 и лексемой t_assign разрешен выводом (t_assign < t_plus).


состояние 78

   60 expr: expr . t_plus expr
   61     | expr . t_minus expr
   61     | expr t_minus expr .  [t_plus, t_minus, t_semi, t_comma, t_assign, t_rb_o, t_rb_c]
   62     | expr . t_mult expr
   63     | expr . t_div expr
   64     | expr . t_mod expr
   65     | expr . t_rb_o fun_args t_rb_c
   66     | expr . t_assign expr

    t_mult  сдвиг, и переход в состояние 64
    t_div   сдвиг, и переход в состояние 65
    t_mod   сдвиг, и переход в состояние 66
    t_rb_o  сдвиг, и переход в состояние 68

    t_rb_o    [вывод с использованием правила 61 (expr)]
    $default  вывод с использованием правила 61 (expr)

    Конфликт между правилом 61 и лексемой t_plus разрешен выводом (%left t_plus).
    Конфликт между правилом 61 и лексемой t_minus разрешен выводом (%left t_minus).
    Конфликт между правилом 61 и лексемой t_mult разрешен сдвигом (t_minus < t_mult).
    Конфликт между правилом 61 и лексемой t_div разрешен сдвигом (t_minus < t_div).
    Конфликт между правилом 61 и лексемой t_mod разрешен сдвигом (t_minus < t_mod).
    Конфликт между правилом 61 и лексемой t_assign разрешен выводом (t_assign < t_minus).


состояние 79

   60 expr: expr . t_plus expr
   61     | expr . t_minus expr
   62     | expr . t_mult expr
   62     | expr t_mult expr .  [t_plus, t_minus, t_mult, t_div, t_mod, t_semi, t_comma, t_assign, t_rb_o, t_rb_c]
   63     | expr . t_div expr
   64     | expr . t_mod expr
   65     | expr . t_rb_o fun_args t_rb_c
   66     | expr . t_assign expr

    t_rb_o  сдвиг, и переход в состояние 68

    t_rb_o    [вывод с использованием правила 62 (expr)]
    $default  вывод с использованием правила 62 (expr)

    Конфликт между правилом 62 и лексемой t_plus разрешен выводом (t_plus < t_mult).
    Конфликт между правилом 62 и лексемой t_minus разрешен выводом (t_minus < t_mult).
    Конфликт между правилом 62 и лексемой t_mult разрешен выводом (%left t_mult).
    Конфликт между правилом 62 и лексемой t_div разрешен выводом (%left t_div).
    Конфликт между правилом 62 и лексемой t_mod разрешен выводом (%left t_mod).
    Конфликт между правилом 62 и лексемой t_assign разрешен выводом (t_assign < t_mult).


состояние 80

   60 expr: expr . t_plus expr
   61     | expr . t_minus expr
   62     | expr . t_mult expr
   63     | expr . t_div expr
   63     | expr t_div expr .  [t_plus, t_minus, t_mult, t_div, t_mod, t_semi, t_comma, t_assign, t_rb_o, t_rb_c]
   64     | expr . t_mod expr
   65     | expr . t_rb_o fun_args t_rb_c
   66     | expr . t_assign expr

    t_rb_o  сдвиг, и переход в состояние 68

    t_rb_o    [вывод с использованием правила 63 (expr)]
    $default  вывод с использованием правила 63 (expr)

    Конфликт между правилом 63 и лексемой t_plus разрешен выводом (t_plus < t_div).
    Конфликт между правилом 63 и лексемой t_minus разрешен выводом (t_minus < t_div).
    Конфликт между правилом 63 и лексемой t_mult разрешен выводом (%left t_mult).
    Конфликт между правилом 63 и лексемой t_div разрешен выводом (%left t_div).
    Конфликт между правилом 63 и лексемой t_mod разрешен выводом (%left t_mod).
    Конфликт между правилом 63 и лексемой t_assign разрешен выводом (t_assign < t_div).


состояние 81

   60 expr: expr . t_plus expr
   61     | expr . t_minus expr
   62     | expr . t_mult expr
   63     | expr . t_div expr
   64     | expr . t_mod expr
   64     | expr t_mod expr .  [t_plus, t_minus, t_mult, t_div, t_mod, t_semi, t_comma, t_assign, t_rb_o, t_rb_c]
   65     | expr . t_rb_o fun_args t_rb_c
   66     | expr . t_assign expr

    t_rb_o  сдвиг, и переход в состояние 68

    t_rb_o    [вывод с использованием правила 64 (expr)]
    $default  вывод с использованием правила 64 (expr)

    Конфликт между правилом 64 и лексемой t_plus разрешен выводом (t_plus < t_mod).
    Конфликт между правилом 64 и лексемой t_minus разрешен выводом (t_minus < t_mod).
    Конфликт между правилом 64 и лексемой t_mult разрешен выводом (%left t_mult).
    Конфликт между правилом 64 и лексемой t_div разрешен выводом (%left t_div).
    Конфликт между правилом 64 и лексемой t_mod разрешен выводом (%left t_mod).
    Конфликт между правилом 64 и лексемой t_assign разрешен выводом (t_assign < t_mod).


состояние 82

   60 expr: expr . t_plus expr
   61     | expr . t_minus expr
   62     | expr . t_mult expr
   63     | expr . t_div expr
   64     | expr . t_mod expr
   65     | expr . t_rb_o fun_args t_rb_c
   66     | expr . t_assign expr
   66     | expr t_assign expr .  [t_semi, t_comma, t_rb_o, t_rb_c]

    t_plus    сдвиг, и переход в состояние 62
    t_minus   сдвиг, и переход в состояние 63
    t_mult    сдвиг, и переход в состояние 64
    t_div     сдвиг, и переход в состояние 65
    t_mod     сдвиг, и переход в состояние 66
    t_assign  сдвиг, и переход в состояние 67
    t_rb_o    сдвиг, и переход в состояние 68

    t_rb_o    [вывод с использованием правила 66 (expr)]
    $default  вывод с использованием правила 66 (expr)

    Конфликт между правилом 66 и лексемой t_plus разрешен сдвигом (t_assign < t_plus).
    Конфликт между правилом 66 и лексемой t_minus разрешен сдвигом (t_assign < t_minus).
    Конфликт между правилом 66 и лексемой t_mult разрешен сдвигом (t_assign < t_mult).
    Конфликт между правилом 66 и лексемой t_div разрешен сдвигом (t_assign < t_div).
    Конфликт между правилом 66 и лексемой t_mod разрешен сдвигом (t_assign < t_mod).
    Конфликт между правилом 66 и лексемой t_assign разрешен сдвигом (%right t_assign).


состояние 83

   46 fun_args: fun_args . t_comma expr
   65 expr: expr t_rb_o fun_args . t_rb_c

    t_comma  сдвиг, и переход в состояние 61
    t_rb_c   сдвиг, и переход в состояние 91


состояние 84

    9 type_expr: t_gettype t_rb_o expr t_rb_c .

    $default  вывод с использованием правила 9 (type_expr)


состояние 85

   14 var_defn: flags type_expr t_id t_assign expr .  [t_semi]
   60 expr: expr . t_plus expr
   61     | expr . t_minus expr
   62     | expr . t_mult expr
   63     | expr . t_div expr
   64     | expr . t_mod expr
   65     | expr . t_rb_o fun_args t_rb_c
   66     | expr . t_assign expr

    t_plus    сдвиг, и переход в состояние 62
    t_minus   сдвиг, и переход в состояние 63
    t_mult    сдвиг, и переход в состояние 64
    t_div     сдвиг, и переход в состояние 65
    t_mod     сдвиг, и переход в состояние 66
    t_assign  сдвиг, и переход в состояние 67
    t_rb_o    сдвиг, и переход в состояние 68

    $default  вывод с использованием правила 14 (var_defn)


состояние 86

   35 fun_params: t_void .

    $default  вывод с использованием правила 35 (fun_params)


состояние 87

   38 fun_param: var_decl .

    $default  вывод с использованием правила 38 (fun_param)


состояние 88

    7 type_expr: . t_rb_o type_expr t_rb_c
    8          | . t_tname
    9          | . t_gettype t_rb_o expr t_rb_c
   10          | . t_gettype t_rb_o t_rb_c
   13 var_decl: flags . type_expr t_id
   17 flags: flags . flag
   19 flag: . t_reserve
   20     | . t_noreserve
   21     | . t_fast
   22     | . t_stack
   23     | . t_locate pos
   24     | . t_immortal

    t_gettype    сдвиг, и переход в состояние 36
    t_reserve    сдвиг, и переход в состояние 6
    t_noreserve  сдвиг, и переход в состояние 7
    t_fast       сдвиг, и переход в состояние 8
    t_stack      сдвиг, и переход в состояние 9
    t_locate     сдвиг, и переход в состояние 10
    t_immortal   сдвиг, и переход в состояние 11
    t_rb_o       сдвиг, и переход в состояние 37
    t_tname      сдвиг, и переход в состояние 38

    type_expr  переход в состояние 92
    flag       переход в состояние 40


состояние 89

   11 fun_decl: flags type_expr t_id t_rb_o fun_params . t_rb_c
   12 fun_defn: flags type_expr t_id t_rb_o fun_params . t_rb_c body
   37 fun_params: fun_params . t_comma fun_param

    t_comma  сдвиг, и переход в состояние 93
    t_rb_c   сдвиг, и переход в состояние 94


состояние 90

   36 fun_params: fun_param .

    $default  вывод с использованием правила 36 (fun_params)


состояние 91

   65 expr: expr t_rb_o fun_args t_rb_c .

    $default  вывод с использованием правила 65 (expr)


состояние 92

   13 var_decl: flags type_expr . t_id

    t_id  сдвиг, и переход в состояние 95


состояние 93

   13 var_decl: . flags type_expr t_id
   15 flags: .  [t_gettype, t_reserve, t_noreserve, t_fast, t_stack, t_locate, t_immortal, t_rb_o, t_tname]
   16      | . t_auto
   17      | . flags flag
   18      | . flag
   19 flag: . t_reserve
   20     | . t_noreserve
   21     | . t_fast
   22     | . t_stack
   23     | . t_locate pos
   24     | . t_immortal
   37 fun_params: fun_params t_comma . fun_param
   38 fun_param: . var_decl

    t_reserve    сдвиг, и переход в состояние 6
    t_noreserve  сдвиг, и переход в состояние 7
    t_fast       сдвиг, и переход в состояние 8
    t_stack      сдвиг, и переход в состояние 9
    t_locate     сдвиг, и переход в состояние 10
    t_immortal   сдвиг, и переход в состояние 11
    t_auto       сдвиг, и переход в состояние 12

    t_reserve    [вывод с использованием правила 15 (flags)]
    t_noreserve  [вывод с использованием правила 15 (flags)]
    t_fast       [вывод с использованием правила 15 (flags)]
    t_stack      [вывод с использованием правила 15 (flags)]
    t_locate     [вывод с использованием правила 15 (flags)]
    t_immortal   [вывод с использованием правила 15 (flags)]
    $default     вывод с использованием правила 15 (flags)

    var_decl   переход в состояние 87
    flags      переход в состояние 88
    flag       переход в состояние 22
    fun_param  переход в состояние 96


состояние 94

   11 fun_decl: flags type_expr t_id t_rb_o fun_params t_rb_c .  [t_semi]
   12 fun_defn: flags type_expr t_id t_rb_o fun_params t_rb_c . body
   39 body: . t_fb_o bodycoms t_fb_c
   40     | . t_fb_o t_fb_c
   41     | . error

    error   сдвиг, и переход в состояние 97
    t_fb_o  сдвиг, и переход в состояние 98

    t_semi  вывод с использованием правила 11 (fun_decl)

    body  переход в состояние 99


состояние 95

   13 var_decl: flags type_expr t_id .

    $default  вывод с использованием правила 13 (var_decl)


состояние 96

   37 fun_params: fun_params t_comma fun_param .

    $default  вывод с использованием правила 37 (fun_params)


состояние 97

   41 body: error .

    $default  вывод с использованием правила 41 (body)


состояние 98

   13 var_decl: . flags type_expr t_id
   14 var_defn: . flags type_expr t_id t_assign expr
   15 flags: .  [t_gettype, t_reserve, t_noreserve, t_fast, t_stack, t_locate, t_immortal, t_rb_o, t_tname]
   16      | . t_auto
   17      | . flags flag
   18      | . flag
   19 flag: . t_reserve
   20     | . t_noreserve
   21     | . t_fast
   22     | . t_stack
   23     | . t_locate pos
   24     | . t_immortal
   39 body: t_fb_o . bodycoms t_fb_c
   40     | t_fb_o . t_fb_c
   42 bodycoms: . bodycom
   43         | . bodycoms bodycom
   44         | . bodycoms t_semi
   50 asm: . t_lshift aid fun_args
   51    | . t_asm t_fb_o
   52 bodycom: . var_decl t_semi
   53        | . var_defn t_semi
   54        | . t_return expr t_semi
   55        | . t_return t_semi
   56        | . expr t_semi
   57        | . asm t_semi
   58        | . error t_semi
   59 expr: . t_rb_o expr t_rb_c
   60     | . expr t_plus expr
   61     | . expr t_minus expr
   62     | . expr t_mult expr
   63     | . expr t_div expr
   64     | . expr t_mod expr
   65     | . expr t_rb_o fun_args t_rb_c
   66     | . expr t_assign expr
   67     | . t_num
   68     | . t_id
   69     | . error

    error        сдвиг, и переход в состояние 100
    t_return     сдвиг, и переход в состояние 101
    t_reserve    сдвиг, и переход в состояние 6
    t_noreserve  сдвиг, и переход в состояние 7
    t_fast       сдвиг, и переход в состояние 8
    t_stack      сдвиг, и переход в состояние 9
    t_locate     сдвиг, и переход в состояние 10
    t_immortal   сдвиг, и переход в состояние 11
    t_auto       сдвиг, и переход в состояние 12
    t_asm        сдвиг, и переход в состояние 13
    t_rb_o       сдвиг, и переход в состояние 48
    t_fb_c       сдвиг, и переход в состояние 102
    t_lshift     сдвиг, и переход в состояние 15
    t_id         сдвиг, и переход в состояние 49
    t_num        сдвиг, и переход в состояние 50

    t_gettype    вывод с использованием правила 15 (flags)
    t_reserve    [вывод с использованием правила 15 (flags)]
    t_noreserve  [вывод с использованием правила 15 (flags)]
    t_fast       [вывод с использованием правила 15 (flags)]
    t_stack      [вывод с использованием правила 15 (flags)]
    t_locate     [вывод с использованием правила 15 (flags)]
    t_immortal   [вывод с использованием правила 15 (flags)]
    t_rb_o       [вывод с использованием правила 15 (flags)]
    t_tname      вывод с использованием правила 15 (flags)

    var_decl  переход в состояние 103
    var_defn  переход в состояние 104
    flags     переход в состояние 105
    flag      переход в состояние 22
    bodycoms  переход в состояние 106
    asm       переход в состояние 107
    bodycom   переход в состояние 108
    expr      переход в состояние 109


состояние 99

   12 fun_defn: flags type_expr t_id t_rb_o fun_params t_rb_c body .

    $default  вывод с использованием правила 12 (fun_defn)


состояние 100

   58 bodycom: error . t_semi
   69 expr: error .  [t_plus, t_minus, t_mult, t_div, t_mod, t_semi, t_assign, t_rb_o]

    t_semi  сдвиг, и переход в состояние 110

    t_semi    [вывод с использованием правила 69 (expr)]
    $default  вывод с использованием правила 69 (expr)


состояние 101

   54 bodycom: t_return . expr t_semi
   55        | t_return . t_semi
   59 expr: . t_rb_o expr t_rb_c
   60     | . expr t_plus expr
   61     | . expr t_minus expr
   62     | . expr t_mult expr
   63     | . expr t_div expr
   64     | . expr t_mod expr
   65     | . expr t_rb_o fun_args t_rb_c
   66     | . expr t_assign expr
   67     | . t_num
   68     | . t_id
   69     | . error

    error   сдвиг, и переход в состояние 46
    t_semi  сдвиг, и переход в состояние 111
    t_rb_o  сдвиг, и переход в состояние 48
    t_id    сдвиг, и переход в состояние 49
    t_num   сдвиг, и переход в состояние 50

    expr  переход в состояние 112


состояние 102

   40 body: t_fb_o t_fb_c .

    $default  вывод с использованием правила 40 (body)


состояние 103

   52 bodycom: var_decl . t_semi

    t_semi  сдвиг, и переход в состояние 113


состояние 104

   53 bodycom: var_defn . t_semi

    t_semi  сдвиг, и переход в состояние 114


состояние 105

    7 type_expr: . t_rb_o type_expr t_rb_c
    8          | . t_tname
    9          | . t_gettype t_rb_o expr t_rb_c
   10          | . t_gettype t_rb_o t_rb_c
   13 var_decl: flags . type_expr t_id
   14 var_defn: flags . type_expr t_id t_assign expr
   17 flags: flags . flag
   19 flag: . t_reserve
   20     | . t_noreserve
   21     | . t_fast
   22     | . t_stack
   23     | . t_locate pos
   24     | . t_immortal

    t_gettype    сдвиг, и переход в состояние 36
    t_reserve    сдвиг, и переход в состояние 6
    t_noreserve  сдвиг, и переход в состояние 7
    t_fast       сдвиг, и переход в состояние 8
    t_stack      сдвиг, и переход в состояние 9
    t_locate     сдвиг, и переход в состояние 10
    t_immortal   сдвиг, и переход в состояние 11
    t_rb_o       сдвиг, и переход в состояние 37
    t_tname      сдвиг, и переход в состояние 38

    type_expr  переход в состояние 115
    flag       переход в состояние 40


состояние 106

   13 var_decl: . flags type_expr t_id
   14 var_defn: . flags type_expr t_id t_assign expr
   15 flags: .  [t_gettype, t_reserve, t_noreserve, t_fast, t_stack, t_locate, t_immortal, t_rb_o, t_tname]
   16      | . t_auto
   17      | . flags flag
   18      | . flag
   19 flag: . t_reserve
   20     | . t_noreserve
   21     | . t_fast
   22     | . t_stack
   23     | . t_locate pos
   24     | . t_immortal
   39 body: t_fb_o bodycoms . t_fb_c
   43 bodycoms: bodycoms . bodycom
   44         | bodycoms . t_semi
   50 asm: . t_lshift aid fun_args
   51    | . t_asm t_fb_o
   52 bodycom: . var_decl t_semi
   53        | . var_defn t_semi
   54        | . t_return expr t_semi
   55        | . t_return t_semi
   56        | . expr t_semi
   57        | . asm t_semi
   58        | . error t_semi
   59 expr: . t_rb_o expr t_rb_c
   60     | . expr t_plus expr
   61     | . expr t_minus expr
   62     | . expr t_mult expr
   63     | . expr t_div expr
   64     | . expr t_mod expr
   65     | . expr t_rb_o fun_args t_rb_c
   66     | . expr t_assign expr
   67     | . t_num
   68     | . t_id
   69     | . error

    error        сдвиг, и переход в состояние 100
    t_return     сдвиг, и переход в состояние 101
    t_reserve    сдвиг, и переход в состояние 6
    t_noreserve  сдвиг, и переход в состояние 7
    t_fast       сдвиг, и переход в состояние 8
    t_stack      сдвиг, и переход в состояние 9
    t_locate     сдвиг, и переход в состояние 10
    t_immortal   сдвиг, и переход в состояние 11
    t_auto       сдвиг, и переход в состояние 12
    t_asm        сдвиг, и переход в состояние 13
    t_semi       сдвиг, и переход в состояние 116
    t_rb_o       сдвиг, и переход в состояние 48
    t_fb_c       сдвиг, и переход в состояние 117
    t_lshift     сдвиг, и переход в состояние 15
    t_id         сдвиг, и переход в состояние 49
    t_num        сдвиг, и переход в состояние 50

    t_gettype    вывод с использованием правила 15 (flags)
    t_reserve    [вывод с использованием правила 15 (flags)]
    t_noreserve  [вывод с использованием правила 15 (flags)]
    t_fast       [вывод с использованием правила 15 (flags)]
    t_stack      [вывод с использованием правила 15 (flags)]
    t_locate     [вывод с использованием правила 15 (flags)]
    t_immortal   [вывод с использованием правила 15 (flags)]
    t_rb_o       [вывод с использованием правила 15 (flags)]
    t_tname      вывод с использованием правила 15 (flags)

    var_decl  переход в состояние 103
    var_defn  переход в состояние 104
    flags     переход в состояние 105
    flag      переход в состояние 22
    asm       переход в состояние 107
    bodycom   переход в состояние 118
    expr      переход в состояние 109


состояние 107

   57 bodycom: asm . t_semi

    t_semi  сдвиг, и переход в состояние 119


состояние 108

   42 bodycoms: bodycom .

    $default  вывод с использованием правила 42 (bodycoms)


состояние 109

   56 bodycom: expr . t_semi
   60 expr: expr . t_plus expr
   61     | expr . t_minus expr
   62     | expr . t_mult expr
   63     | expr . t_div expr
   64     | expr . t_mod expr
   65     | expr . t_rb_o fun_args t_rb_c
   66     | expr . t_assign expr

    t_plus    сдвиг, и переход в состояние 62
    t_minus   сдвиг, и переход в состояние 63
    t_mult    сдвиг, и переход в состояние 64
    t_div     сдвиг, и переход в состояние 65
    t_mod     сдвиг, и переход в состояние 66
    t_semi    сдвиг, и переход в состояние 120
    t_assign  сдвиг, и переход в состояние 67
    t_rb_o    сдвиг, и переход в состояние 68


состояние 110

   58 bodycom: error t_semi .

    $default  вывод с использованием правила 58 (bodycom)


состояние 111

   55 bodycom: t_return t_semi .

    $default  вывод с использованием правила 55 (bodycom)


состояние 112

   54 bodycom: t_return expr . t_semi
   60 expr: expr . t_plus expr
   61     | expr . t_minus expr
   62     | expr . t_mult expr
   63     | expr . t_div expr
   64     | expr . t_mod expr
   65     | expr . t_rb_o fun_args t_rb_c
   66     | expr . t_assign expr

    t_plus    сдвиг, и переход в состояние 62
    t_minus   сдвиг, и переход в состояние 63
    t_mult    сдвиг, и переход в состояние 64
    t_div     сдвиг, и переход в состояние 65
    t_mod     сдвиг, и переход в состояние 66
    t_semi    сдвиг, и переход в состояние 121
    t_assign  сдвиг, и переход в состояние 67
    t_rb_o    сдвиг, и переход в состояние 68


состояние 113

   52 bodycom: var_decl t_semi .

    $default  вывод с использованием правила 52 (bodycom)


состояние 114

   53 bodycom: var_defn t_semi .

    $default  вывод с использованием правила 53 (bodycom)


состояние 115

   13 var_decl: flags type_expr . t_id
   14 var_defn: flags type_expr . t_id t_assign expr

    t_id  сдвиг, и переход в состояние 122


состояние 116

   44 bodycoms: bodycoms t_semi .

    $default  вывод с использованием правила 44 (bodycoms)


состояние 117

   39 body: t_fb_o bodycoms t_fb_c .

    $default  вывод с использованием правила 39 (body)


состояние 118

   43 bodycoms: bodycoms bodycom .

    $default  вывод с использованием правила 43 (bodycoms)


состояние 119

   57 bodycom: asm t_semi .

    $default  вывод с использованием правила 57 (bodycom)


состояние 120

   56 bodycom: expr t_semi .

    $default  вывод с использованием правила 56 (bodycom)


состояние 121

   54 bodycom: t_return expr t_semi .

    $default  вывод с использованием правила 54 (bodycom)


состояние 122

   13 var_decl: flags type_expr t_id .  [t_semi]
   14 var_defn: flags type_expr t_id . t_assign expr

    t_assign  сдвиг, и переход в состояние 72

    $default  вывод с использованием правила 13 (var_decl)
